<?xml version="1.0" encoding="utf-8"?>
<shfbBuild product="Sandcastle Help File Builder and Tools" version="2021.4.9.0" projectFile="C:\Users\HUST\Desktop\软件工程训练营\软件工程训练营2022\3 代码质量与高级代码质量\SEC2022\AutoHelper\AutoHelper.shfbproj" started="2022/8/19 9:34:47">
<buildStep step="Initializing">
Finding tools...
The Sandcastle tools are located in &#39;C:\Program Files (x86)\EWSoftware\Sandcastle Help File Builder\&#39;
Searching for HTML Help 1 compiler...
Found HTML Help 1 compiler in &#39;C:\Program Files (x86)\HTML Help Workshop\&#39;
Locating components in the following folder(s):
    C:\Users\HUST\Desktop\软件工程训练营\软件工程训练营2022\3 代码质量与高级代码质量\SEC2022\AutoHelper
    C:\ProgramData\EWSoftware\Sandcastle Help File Builder\Components and Plug-Ins\
    C:\Program Files (x86)\EWSoftware\Sandcastle Help File Builder\
Using framework reflection data for &#39;.NET Framework 4.5.2&#39; located in &#39;C:\Program Files (x86)\EWSoftware\Sandcastle Help File Builder\Data\.NETFramework&#39;
Using presentation style &#39;VS2013&#39; located in &#39;C:\Program Files (x86)\EWSoftware\Sandcastle Help File Builder\PresentationStyles\VS2013&#39;
Loading and initializing plug-ins...
Lightweight Website Style Version 2021.4.9.0
Copyright &#169; 2006-2021, Eric Woodruff, All Rights Reserved
Portions Copyright &#169; 2014, Sam Harwell, All Rights Reserved
</buildStep>
<buildStep step="ValidatingDocumentationSources">
Validating and copying documentation source information
Source: C:\Users\HUST\Desktop\软件工程训练营\软件工程训练营2022\3 代码质量与高级代码质量\SEC2022\MathClass\MathClass.csproj
    Found project &#39;C:\Users\HUST\Desktop\软件工程训练营\软件工程训练营2022\3 代码质量与高级代码质量\SEC2022\MathClass\MathClass.csproj&#39;

Parsing project files
    Found assembly &#39;C:\Users\HUST\Desktop\软件工程训练营\软件工程训练营2022\3 代码质量与高级代码质量\SEC2022\MathClass\bin\Debug\MathClass.dll&#39; (.NETFramework 4.5)

References to include:
    None

Copying XML comments files
    C:\Users\HUST\Desktop\软件工程训练营\软件工程训练营2022\3 代码质量与高级代码质量\SEC2022\MathClass\bin\Debug\MathClass.xml -&gt; C:\Users\HUST\Desktop\软件工程训练营\软件工程训练营2022\3 代码质量与高级代码质量\SEC2022\AutoHelper\Help\Working\MathClass.xml
</buildStep>
<buildStep step="GenerateSharedContent">
Generating shared content files (en-US, 英语(美国))...
<plugIn name="Lightweight Website Style" behavior="After" priority="1000">
</plugIn>    Last step completed in 00:00:00.0130
</buildStep>
<buildStep step="GenerateApiFilter">
Generating API filter for MRefBuilder...
    Last step completed in 00:00:00.0030
</buildStep>
<buildStep step="GenerateReflectionInfo">
Generating reflection information...
[C:\Program Files (x86)\Microsoft Visual Studio\2019\Community\MSBuild\Current\Bin\MSBuild.exe - GenerateRefInfo-ebc91505-1e52-4149-a6e2-c02148516f39.proj]
生成启动时间为 2022/8/19 9:34:49。
节点 1 上的项目“C:\Users\HUST\Desktop\软件工程训练营\软件工程训练营2022\3 代码质量与高级代码质量\SEC2022\AutoHelper\Help\Working\GenerateRefInfo-ebc91505-1e52-4149-a6e2-c02148516f39.proj”(默认目标)。
PrepareForBuild:
  正在创建目录“obj\Debug\”。
GenerateRefInfo:
  MRefBuilder (v2021.4.9.0)
  Copyright ? 2006-2021, Microsoft Corporation, All Rights Reserved.
  Portions Copyright ? 2006-2021, Eric Woodruff, All Rights Reserved.
  No source code context base path specified.  Source context information is unavailable.
  Loaded 1 assemblies for reflection and 1 dependency assemblies.
  Wrote information on 1 namespaces, 1 types, and 10 members
  Merging duplicate type and member information
  Merged 0 duplicate type(s) and 0 duplicate member(s)
已完成生成项目“C:\Users\HUST\Desktop\软件工程训练营\软件工程训练营2022\3 代码质量与高级代码质量\SEC2022\AutoHelper\Help\Working\GenerateRefInfo-ebc91505-1e52-4149-a6e2-c02148516f39.proj”(默认目标)的操作。
    Last step completed in 00:00:00.7935
</buildStep>
<buildStep step="TransformReflectionInfo">
Transforming reflection output...
[C:\Program Files (x86)\Microsoft Visual Studio\2019\Community\MSBuild\Current\Bin\MSBuild.exe - TransformManifest.proj]
生成启动时间为 2022/8/19 9:34:50。
节点 1 上的项目“C:\Users\HUST\Desktop\软件工程训练营\软件工程训练营2022\3 代码质量与高级代码质量\SEC2022\AutoHelper\Help\Working\TransformManifest.proj”(默认目标)。
TransformManifest:
  XslTransform (v2021.4.9.0)
  Copyright ? 2006-2021, Microsoft Corporation, All Rights Reserved.
  Portions Copyright ? 2006-2021, Eric Woodruff, All Rights Reserved.
  Applying XSL transformation &#39;C:\Program Files (x86)\EWSoftware\Sandcastle Help File Builder\\ProductionTransforms\ApplyVSDocModel.xsl&#39;.
  正在将文件从“C:\Users\HUST\Desktop\软件工程训练营\软件工程训练营2022\3 代码质量与高级代码质量\SEC2022\AutoHelper\Help\Working\reflection.xml”复制到“C:\Users\HUST\Desktop\软件工程训练营\软件工程训练营2022\3 代码质量与高级代码质量\SEC2022\AutoHelper\Help\Working\reflection.nofilenames”。
  XslTransform (v2021.4.9.0)
  Copyright ? 2006-2021, Microsoft Corporation, All Rights Reserved.
  Portions Copyright ? 2006-2021, Eric Woodruff, All Rights Reserved.
  Applying XSL transformation &#39;C:\Program Files (x86)\EWSoftware\Sandcastle Help File Builder\ProductionTransforms\AddFilenames.xsl&#39;.
  XslTransform (v2021.4.9.0)
  Copyright ? 2006-2021, Microsoft Corporation, All Rights Reserved.
  Portions Copyright ? 2006-2021, Eric Woodruff, All Rights Reserved.
  Applying XSL transformation &#39;C:\Program Files (x86)\EWSoftware\Sandcastle Help File Builder\ProductionTransforms\ReflectionToManifest.xsl&#39;.
已完成生成项目“C:\Users\HUST\Desktop\软件工程训练营\软件工程训练营2022\3 代码质量与高级代码质量\SEC2022\AutoHelper\Help\Working\TransformManifest.proj”(默认目标)的操作。
    Last step completed in 00:00:00.5979
</buildStep>
<buildStep step="GenerateNamespaceSummaries">
Generating namespace summary information...
    Last step completed in 00:00:00.0140
</buildStep>
<buildStep step="CopyConceptualContent">
Copying conceptual content...
Copying standard token shared content file...
Checking for other token files...
Checking for code snippets files...
Copying images and creating the media map file...
Generating conceptual topic files
    Last step completed in 00:00:00.0150
</buildStep>
<buildStep step="CreateConceptualTopicConfigs">
Creating conceptual topic configuration files...
    Companion files
    _ContentMetadata_.xml
    Merging topic IDs into manifest.xml
    Last step completed in 00:00:00.0060
</buildStep>
<buildStep step="CopyAdditionalContent">
Copying additional content files...
C:\Users\HUST\Desktop\软件工程训练营\软件工程训练营2022\3 代码质量与高级代码质量\SEC2022\AutoHelper\icons\Help.png -&gt; C:\Users\HUST\Desktop\软件工程训练营\软件工程训练营2022\3 代码质量与高级代码质量\SEC2022\AutoHelper\Help\Working\Output\HtmlHelp1\icons\Help.png
C:\Users\HUST\Desktop\软件工程训练营\软件工程训练营2022\3 代码质量与高级代码质量\SEC2022\AutoHelper\icons\Help.png -&gt; C:\Users\HUST\Desktop\软件工程训练营\软件工程训练营2022\3 代码质量与高级代码质量\SEC2022\AutoHelper\Help\Working\Output\MSHelpViewer\icons\Help.png
    Last step completed in 00:00:00.0090
</buildStep>
<buildStep step="MergeTablesOfContents">
Merging conceptual and additional tables of contents...
    Last step completed in 00:00:00.0020
</buildStep>
<buildStep step="GenerateIntermediateTableOfContents">
Generating intermediate table of contents file...
[C:\Program Files (x86)\Microsoft Visual Studio\2019\Community\MSBuild\Current\Bin\MSBuild.exe - GenerateIntermediateTOC.proj]
生成启动时间为 2022/8/19 9:34:51。
节点 1 上的项目“C:\Users\HUST\Desktop\软件工程训练营\软件工程训练营2022\3 代码质量与高级代码质量\SEC2022\AutoHelper\Help\Working\GenerateIntermediateTOC.proj”(默认目标)。
GenerateIntermediateTOC:
  XslTransform (v2021.4.9.0)
  Copyright ? 2006-2021, Microsoft Corporation, All Rights Reserved.
  Portions Copyright ? 2006-2021, Eric Woodruff, All Rights Reserved.
  Applying XSL transformation &#39;C:\Program Files (x86)\EWSoftware\Sandcastle Help File Builder\\ProductionTransforms\CreateVSToc.xsl&#39;.
已完成生成项目“C:\Users\HUST\Desktop\软件工程训练营\软件工程训练营2022\3 代码质量与高级代码质量\SEC2022\AutoHelper\Help\Working\GenerateIntermediateTOC.proj”(默认目标)的操作。
Generating conceptual content intermediate TOC file...
    Last step completed in 00:00:00.3610
</buildStep>
<buildStep step="CreateBuildAssemblerConfigs">
Creating Sandcastle configuration files...
    sandcastle.config
    Last step completed in 00:00:00.1037
</buildStep>
<buildStep step="MergeCustomConfigs">
Merging custom build component configurations
C:\Users\HUST\Desktop\软件工程训练营\软件工程训练营2022\3 代码质量与高级代码质量\SEC2022\AutoHelper\Help\Working\sandcastle.config
  Updating reference topic configurations.
  Updating conceptual topic configurations.
    Removing unused ExampleComponent.
    Last step completed in 00:00:00.0040
</buildStep>
<buildStep step="BuildTopics">
Building help topics...
[C:\Program Files (x86)\Microsoft Visual Studio\2019\Community\MSBuild\Current\Bin\MSBuild.exe - BuildTopics.proj]
生成启动时间为 2022/8/19 9:34:51。
节点 1 上的项目“C:\Users\HUST\Desktop\软件工程训练营\软件工程训练营2022\3 代码质量与高级代码质量\SEC2022\AutoHelper\Help\Working\BuildTopics.proj”(默认目标)。
BuildTopics:
  BuildAssembler (v2021.4.9.0)
  Copyright ? 2006-2021, Microsoft Corporation, All Rights Reserved.
  Portions Copyright ? 2006-2021, Eric Woodruff, All Rights Reserved.
  Loading configuration...
  Processing topics...
BuildAssembler : warning : ShowMissingComponent: [M:MathClass.BasicMath.ExecuteRefactor(System.Int32,System.Double)] Missing &lt;summary&gt; documentation [C:\Users\HUST\Desktop\软件工程训练营\软件工程训练营2022\3 代码质量与高级代码质量\SEC2022\AutoHelper\Help\Working\BuildTopics.proj]
BuildAssembler : warning : ShowMissingComponent: [M:MathClass.BasicMath.ExecuteRefactor(System.Int32,System.Double)] Missing &lt;param name=&quot;a&quot;/&gt; documentation [C:\Users\HUST\Desktop\软件工程训练营\软件工程训练营2022\3 代码质量与高级代码质量\SEC2022\AutoHelper\Help\Working\BuildTopics.proj]
BuildAssembler : warning : ShowMissingComponent: [M:MathClass.BasicMath.ExecuteRefactor(System.Int32,System.Double)] Missing &lt;param name=&quot;b&quot;/&gt; documentation [C:\Users\HUST\Desktop\软件工程训练营\软件工程训练营2022\3 代码质量与高级代码质量\SEC2022\AutoHelper\Help\Working\BuildTopics.proj]
  Processed 17 topic(s)
  3 warning(s)
  CopyFromIndexComponent: &quot;metadata&quot; in-memory cache entries used: 0 of 15.
  ResolveArtLinksComponent: Copying media files...
  ResolveArtLinksComponent: Copying media files...
  CopyFromIndexComponent: &quot;reflection&quot; in-memory cache entries used: 2 of 15.
  CopyFromIndexComponent: &quot;comments&quot; in-memory cache entries used: 1 of 30.
已完成生成项目“C:\Users\HUST\Desktop\软件工程训练营\软件工程训练营2022\3 代码质量与高级代码质量\SEC2022\AutoHelper\Help\Working\BuildTopics.proj”(默认目标)的操作。
    Last step completed in 00:00:03.6026
</buildStep>
<buildStep step="CombiningIntermediateTocFiles">
Combining conceptual and API intermediate TOC files...
    Last step completed in 00:00:00.0020
</buildStep>
<buildStep step="ExtractingHtmlInfo">
Extracting HTML info for HTML Help 1 and/or website...
[C:\Program Files (x86)\Microsoft Visual Studio\2019\Community\MSBuild\Current\Bin\MSBuild.exe - ExtractHtmlInfo.proj]
Sandcastle Help File Builder and Tools, version 2021.4.9.0
Copyright ? 2006-2021, Eric Woodruff, All Rights Reserved
E-Mail: Eric@EWoodruff.us

Using LCID &#39;1033&#39;, code page &#39;65001&#39;, encoding charset &#39;UTF-8&#39;.

Processing Help 1 files in C:\Users\HUST\Desktop\软件工程训练营\软件工程训练营2022\3 代码质量与高级代码质量\SEC2022\AutoHelper\Help\Working\Output\HtmlHelp1
Processed 17 HTML files
Sorting keywords and generating See Also indices
Saving HTML Help 1 keyword index to C:\Users\HUST\Desktop\软件工程训练营\软件工程训练营2022\3 代码质量与高级代码质量\SEC2022\AutoHelper\Help\Working\MathClass.hhk
Saving HTML Help 1 table of contents to C:\Users\HUST\Desktop\软件工程训练营\软件工程训练营2022\3 代码质量与高级代码质量\SEC2022\AutoHelper\Help\Working\MathClass.hhc
    Last step completed in 00:00:00.3370
</buildStep>
<buildStep step="CopyStandardHelpContent">
Copying standard help content...
C:\Program Files (x86)\EWSoftware\Sandcastle Help File Builder\PresentationStyles\VS2013\icons\AlertCaution.png -&gt; C:\Users\HUST\Desktop\软件工程训练营\软件工程训练营2022\3 代码质量与高级代码质量\SEC2022\AutoHelper\Help\Working\Output\HtmlHelp1\icons\AlertCaution.png
C:\Program Files (x86)\EWSoftware\Sandcastle Help File Builder\PresentationStyles\VS2013\icons\AlertNote.png -&gt; C:\Users\HUST\Desktop\软件工程训练营\软件工程训练营2022\3 代码质量与高级代码质量\SEC2022\AutoHelper\Help\Working\Output\HtmlHelp1\icons\AlertNote.png
C:\Program Files (x86)\EWSoftware\Sandcastle Help File Builder\PresentationStyles\VS2013\icons\AlertSecurity.png -&gt; C:\Users\HUST\Desktop\软件工程训练营\软件工程训练营2022\3 代码质量与高级代码质量\SEC2022\AutoHelper\Help\Working\Output\HtmlHelp1\icons\AlertSecurity.png
C:\Program Files (x86)\EWSoftware\Sandcastle Help File Builder\PresentationStyles\VS2013\icons\CFW.gif -&gt; C:\Users\HUST\Desktop\软件工程训练营\软件工程训练营2022\3 代码质量与高级代码质量\SEC2022\AutoHelper\Help\Working\Output\HtmlHelp1\icons\CFW.gif
C:\Program Files (x86)\EWSoftware\Sandcastle Help File Builder\PresentationStyles\VS2013\icons\CodeExample.png -&gt; C:\Users\HUST\Desktop\软件工程训练营\软件工程训练营2022\3 代码质量与高级代码质量\SEC2022\AutoHelper\Help\Working\Output\HtmlHelp1\icons\CodeExample.png
C:\Program Files (x86)\EWSoftware\Sandcastle Help File Builder\PresentationStyles\VS2013\icons\favicon.ico -&gt; C:\Users\HUST\Desktop\软件工程训练营\软件工程训练营2022\3 代码质量与高级代码质量\SEC2022\AutoHelper\Help\Working\Output\HtmlHelp1\icons\favicon.ico
C:\Program Files (x86)\EWSoftware\Sandcastle Help File Builder\PresentationStyles\VS2013\icons\privclass.gif -&gt; C:\Users\HUST\Desktop\软件工程训练营\软件工程训练营2022\3 代码质量与高级代码质量\SEC2022\AutoHelper\Help\Working\Output\HtmlHelp1\icons\privclass.gif
C:\Program Files (x86)\EWSoftware\Sandcastle Help File Builder\PresentationStyles\VS2013\icons\privdelegate.gif -&gt; C:\Users\HUST\Desktop\软件工程训练营\软件工程训练营2022\3 代码质量与高级代码质量\SEC2022\AutoHelper\Help\Working\Output\HtmlHelp1\icons\privdelegate.gif
C:\Program Files (x86)\EWSoftware\Sandcastle Help File Builder\PresentationStyles\VS2013\icons\privenumeration.gif -&gt; C:\Users\HUST\Desktop\软件工程训练营\软件工程训练营2022\3 代码质量与高级代码质量\SEC2022\AutoHelper\Help\Working\Output\HtmlHelp1\icons\privenumeration.gif
C:\Program Files (x86)\EWSoftware\Sandcastle Help File Builder\PresentationStyles\VS2013\icons\privevent.gif -&gt; C:\Users\HUST\Desktop\软件工程训练营\软件工程训练营2022\3 代码质量与高级代码质量\SEC2022\AutoHelper\Help\Working\Output\HtmlHelp1\icons\privevent.gif
C:\Program Files (x86)\EWSoftware\Sandcastle Help File Builder\PresentationStyles\VS2013\icons\privextension.gif -&gt; C:\Users\HUST\Desktop\软件工程训练营\软件工程训练营2022\3 代码质量与高级代码质量\SEC2022\AutoHelper\Help\Working\Output\HtmlHelp1\icons\privextension.gif
C:\Program Files (x86)\EWSoftware\Sandcastle Help File Builder\PresentationStyles\VS2013\icons\privfield.gif -&gt; C:\Users\HUST\Desktop\软件工程训练营\软件工程训练营2022\3 代码质量与高级代码质量\SEC2022\AutoHelper\Help\Working\Output\HtmlHelp1\icons\privfield.gif
C:\Program Files (x86)\EWSoftware\Sandcastle Help File Builder\PresentationStyles\VS2013\icons\privinterface.gif -&gt; C:\Users\HUST\Desktop\软件工程训练营\软件工程训练营2022\3 代码质量与高级代码质量\SEC2022\AutoHelper\Help\Working\Output\HtmlHelp1\icons\privinterface.gif
C:\Program Files (x86)\EWSoftware\Sandcastle Help File Builder\PresentationStyles\VS2013\icons\privmethod.gif -&gt; C:\Users\HUST\Desktop\软件工程训练营\软件工程训练营2022\3 代码质量与高级代码质量\SEC2022\AutoHelper\Help\Working\Output\HtmlHelp1\icons\privmethod.gif
C:\Program Files (x86)\EWSoftware\Sandcastle Help File Builder\PresentationStyles\VS2013\icons\privproperty.gif -&gt; C:\Users\HUST\Desktop\软件工程训练营\软件工程训练营2022\3 代码质量与高级代码质量\SEC2022\AutoHelper\Help\Working\Output\HtmlHelp1\icons\privproperty.gif
C:\Program Files (x86)\EWSoftware\Sandcastle Help File Builder\PresentationStyles\VS2013\icons\privstructure.gif -&gt; C:\Users\HUST\Desktop\软件工程训练营\软件工程训练营2022\3 代码质量与高级代码质量\SEC2022\AutoHelper\Help\Working\Output\HtmlHelp1\icons\privstructure.gif
C:\Program Files (x86)\EWSoftware\Sandcastle Help File Builder\PresentationStyles\VS2013\icons\protclass.gif -&gt; C:\Users\HUST\Desktop\软件工程训练营\软件工程训练营2022\3 代码质量与高级代码质量\SEC2022\AutoHelper\Help\Working\Output\HtmlHelp1\icons\protclass.gif
C:\Program Files (x86)\EWSoftware\Sandcastle Help File Builder\PresentationStyles\VS2013\icons\protdelegate.gif -&gt; C:\Users\HUST\Desktop\软件工程训练营\软件工程训练营2022\3 代码质量与高级代码质量\SEC2022\AutoHelper\Help\Working\Output\HtmlHelp1\icons\protdelegate.gif
C:\Program Files (x86)\EWSoftware\Sandcastle Help File Builder\PresentationStyles\VS2013\icons\protenumeration.gif -&gt; C:\Users\HUST\Desktop\软件工程训练营\软件工程训练营2022\3 代码质量与高级代码质量\SEC2022\AutoHelper\Help\Working\Output\HtmlHelp1\icons\protenumeration.gif
C:\Program Files (x86)\EWSoftware\Sandcastle Help File Builder\PresentationStyles\VS2013\icons\protevent.gif -&gt; C:\Users\HUST\Desktop\软件工程训练营\软件工程训练营2022\3 代码质量与高级代码质量\SEC2022\AutoHelper\Help\Working\Output\HtmlHelp1\icons\protevent.gif
C:\Program Files (x86)\EWSoftware\Sandcastle Help File Builder\PresentationStyles\VS2013\icons\protextension.gif -&gt; C:\Users\HUST\Desktop\软件工程训练营\软件工程训练营2022\3 代码质量与高级代码质量\SEC2022\AutoHelper\Help\Working\Output\HtmlHelp1\icons\protextension.gif
C:\Program Files (x86)\EWSoftware\Sandcastle Help File Builder\PresentationStyles\VS2013\icons\protfield.gif -&gt; C:\Users\HUST\Desktop\软件工程训练营\软件工程训练营2022\3 代码质量与高级代码质量\SEC2022\AutoHelper\Help\Working\Output\HtmlHelp1\icons\protfield.gif
C:\Program Files (x86)\EWSoftware\Sandcastle Help File Builder\PresentationStyles\VS2013\icons\protinterface.gif -&gt; C:\Users\HUST\Desktop\软件工程训练营\软件工程训练营2022\3 代码质量与高级代码质量\SEC2022\AutoHelper\Help\Working\Output\HtmlHelp1\icons\protinterface.gif
C:\Program Files (x86)\EWSoftware\Sandcastle Help File Builder\PresentationStyles\VS2013\icons\protmethod.gif -&gt; C:\Users\HUST\Desktop\软件工程训练营\软件工程训练营2022\3 代码质量与高级代码质量\SEC2022\AutoHelper\Help\Working\Output\HtmlHelp1\icons\protmethod.gif
C:\Program Files (x86)\EWSoftware\Sandcastle Help File Builder\PresentationStyles\VS2013\icons\protoperator.gif -&gt; C:\Users\HUST\Desktop\软件工程训练营\软件工程训练营2022\3 代码质量与高级代码质量\SEC2022\AutoHelper\Help\Working\Output\HtmlHelp1\icons\protoperator.gif
C:\Program Files (x86)\EWSoftware\Sandcastle Help File Builder\PresentationStyles\VS2013\icons\protproperty.gif -&gt; C:\Users\HUST\Desktop\软件工程训练营\软件工程训练营2022\3 代码质量与高级代码质量\SEC2022\AutoHelper\Help\Working\Output\HtmlHelp1\icons\protproperty.gif
C:\Program Files (x86)\EWSoftware\Sandcastle Help File Builder\PresentationStyles\VS2013\icons\protstructure.gif -&gt; C:\Users\HUST\Desktop\软件工程训练营\软件工程训练营2022\3 代码质量与高级代码质量\SEC2022\AutoHelper\Help\Working\Output\HtmlHelp1\icons\protstructure.gif
C:\Program Files (x86)\EWSoftware\Sandcastle Help File Builder\PresentationStyles\VS2013\icons\pubclass.gif -&gt; C:\Users\HUST\Desktop\软件工程训练营\软件工程训练营2022\3 代码质量与高级代码质量\SEC2022\AutoHelper\Help\Working\Output\HtmlHelp1\icons\pubclass.gif
C:\Program Files (x86)\EWSoftware\Sandcastle Help File Builder\PresentationStyles\VS2013\icons\pubdelegate.gif -&gt; C:\Users\HUST\Desktop\软件工程训练营\软件工程训练营2022\3 代码质量与高级代码质量\SEC2022\AutoHelper\Help\Working\Output\HtmlHelp1\icons\pubdelegate.gif
C:\Program Files (x86)\EWSoftware\Sandcastle Help File Builder\PresentationStyles\VS2013\icons\pubenumeration.gif -&gt; C:\Users\HUST\Desktop\软件工程训练营\软件工程训练营2022\3 代码质量与高级代码质量\SEC2022\AutoHelper\Help\Working\Output\HtmlHelp1\icons\pubenumeration.gif
C:\Program Files (x86)\EWSoftware\Sandcastle Help File Builder\PresentationStyles\VS2013\icons\pubevent.gif -&gt; C:\Users\HUST\Desktop\软件工程训练营\软件工程训练营2022\3 代码质量与高级代码质量\SEC2022\AutoHelper\Help\Working\Output\HtmlHelp1\icons\pubevent.gif
C:\Program Files (x86)\EWSoftware\Sandcastle Help File Builder\PresentationStyles\VS2013\icons\pubextension.gif -&gt; C:\Users\HUST\Desktop\软件工程训练营\软件工程训练营2022\3 代码质量与高级代码质量\SEC2022\AutoHelper\Help\Working\Output\HtmlHelp1\icons\pubextension.gif
C:\Program Files (x86)\EWSoftware\Sandcastle Help File Builder\PresentationStyles\VS2013\icons\pubfield.gif -&gt; C:\Users\HUST\Desktop\软件工程训练营\软件工程训练营2022\3 代码质量与高级代码质量\SEC2022\AutoHelper\Help\Working\Output\HtmlHelp1\icons\pubfield.gif
C:\Program Files (x86)\EWSoftware\Sandcastle Help File Builder\PresentationStyles\VS2013\icons\pubinterface.gif -&gt; C:\Users\HUST\Desktop\软件工程训练营\软件工程训练营2022\3 代码质量与高级代码质量\SEC2022\AutoHelper\Help\Working\Output\HtmlHelp1\icons\pubinterface.gif
C:\Program Files (x86)\EWSoftware\Sandcastle Help File Builder\PresentationStyles\VS2013\icons\pubmethod.gif -&gt; C:\Users\HUST\Desktop\软件工程训练营\软件工程训练营2022\3 代码质量与高级代码质量\SEC2022\AutoHelper\Help\Working\Output\HtmlHelp1\icons\pubmethod.gif
C:\Program Files (x86)\EWSoftware\Sandcastle Help File Builder\PresentationStyles\VS2013\icons\puboperator.gif -&gt; C:\Users\HUST\Desktop\软件工程训练营\软件工程训练营2022\3 代码质量与高级代码质量\SEC2022\AutoHelper\Help\Working\Output\HtmlHelp1\icons\puboperator.gif
C:\Program Files (x86)\EWSoftware\Sandcastle Help File Builder\PresentationStyles\VS2013\icons\pubproperty.gif -&gt; C:\Users\HUST\Desktop\软件工程训练营\软件工程训练营2022\3 代码质量与高级代码质量\SEC2022\AutoHelper\Help\Working\Output\HtmlHelp1\icons\pubproperty.gif
C:\Program Files (x86)\EWSoftware\Sandcastle Help File Builder\PresentationStyles\VS2013\icons\pubstructure.gif -&gt; C:\Users\HUST\Desktop\软件工程训练营\软件工程训练营2022\3 代码质量与高级代码质量\SEC2022\AutoHelper\Help\Working\Output\HtmlHelp1\icons\pubstructure.gif
C:\Program Files (x86)\EWSoftware\Sandcastle Help File Builder\PresentationStyles\VS2013\icons\SectionCollapsed.png -&gt; C:\Users\HUST\Desktop\软件工程训练营\软件工程训练营2022\3 代码质量与高级代码质量\SEC2022\AutoHelper\Help\Working\Output\HtmlHelp1\icons\SectionCollapsed.png
C:\Program Files (x86)\EWSoftware\Sandcastle Help File Builder\PresentationStyles\VS2013\icons\SectionExpanded.png -&gt; C:\Users\HUST\Desktop\软件工程训练营\软件工程训练营2022\3 代码质量与高级代码质量\SEC2022\AutoHelper\Help\Working\Output\HtmlHelp1\icons\SectionExpanded.png
C:\Program Files (x86)\EWSoftware\Sandcastle Help File Builder\PresentationStyles\VS2013\icons\slMobile.gif -&gt; C:\Users\HUST\Desktop\软件工程训练营\软件工程训练营2022\3 代码质量与高级代码质量\SEC2022\AutoHelper\Help\Working\Output\HtmlHelp1\icons\slMobile.gif
C:\Program Files (x86)\EWSoftware\Sandcastle Help File Builder\PresentationStyles\VS2013\icons\static.gif -&gt; C:\Users\HUST\Desktop\软件工程训练营\软件工程训练营2022\3 代码质量与高级代码质量\SEC2022\AutoHelper\Help\Working\Output\HtmlHelp1\icons\static.gif
C:\Program Files (x86)\EWSoftware\Sandcastle Help File Builder\PresentationStyles\VS2013\icons\xna.gif -&gt; C:\Users\HUST\Desktop\软件工程训练营\软件工程训练营2022\3 代码质量与高级代码质量\SEC2022\AutoHelper\Help\Working\Output\HtmlHelp1\icons\xna.gif
C:\Program Files (x86)\EWSoftware\Sandcastle Help File Builder\PresentationStyles\VS2013\scripts\branding.js -&gt; C:\Users\HUST\Desktop\软件工程训练营\软件工程训练营2022\3 代码质量与高级代码质量\SEC2022\AutoHelper\Help\Working\Output\HtmlHelp1\scripts\branding.js
C:\Program Files (x86)\EWSoftware\Sandcastle Help File Builder\PresentationStyles\VS2013\styles\branding-cs-CZ.css -&gt; C:\Users\HUST\Desktop\软件工程训练营\软件工程训练营2022\3 代码质量与高级代码质量\SEC2022\AutoHelper\Help\Working\Output\HtmlHelp1\styles\branding-cs-CZ.css
C:\Program Files (x86)\EWSoftware\Sandcastle Help File Builder\PresentationStyles\VS2013\styles\branding-de-DE.css -&gt; C:\Users\HUST\Desktop\软件工程训练营\软件工程训练营2022\3 代码质量与高级代码质量\SEC2022\AutoHelper\Help\Working\Output\HtmlHelp1\styles\branding-de-DE.css
C:\Program Files (x86)\EWSoftware\Sandcastle Help File Builder\PresentationStyles\VS2013\styles\branding-en-US.css -&gt; C:\Users\HUST\Desktop\软件工程训练营\软件工程训练营2022\3 代码质量与高级代码质量\SEC2022\AutoHelper\Help\Working\Output\HtmlHelp1\styles\branding-en-US.css
C:\Program Files (x86)\EWSoftware\Sandcastle Help File Builder\PresentationStyles\VS2013\styles\branding-es-ES.css -&gt; C:\Users\HUST\Desktop\软件工程训练营\软件工程训练营2022\3 代码质量与高级代码质量\SEC2022\AutoHelper\Help\Working\Output\HtmlHelp1\styles\branding-es-ES.css
C:\Program Files (x86)\EWSoftware\Sandcastle Help File Builder\PresentationStyles\VS2013\styles\branding-fr-FR.css -&gt; C:\Users\HUST\Desktop\软件工程训练营\软件工程训练营2022\3 代码质量与高级代码质量\SEC2022\AutoHelper\Help\Working\Output\HtmlHelp1\styles\branding-fr-FR.css
C:\Program Files (x86)\EWSoftware\Sandcastle Help File Builder\PresentationStyles\VS2013\styles\branding-Help1.css -&gt; C:\Users\HUST\Desktop\软件工程训练营\软件工程训练营2022\3 代码质量与高级代码质量\SEC2022\AutoHelper\Help\Working\Output\HtmlHelp1\styles\branding-Help1.css
C:\Program Files (x86)\EWSoftware\Sandcastle Help File Builder\PresentationStyles\VS2013\styles\branding-HelpViewer.css -&gt; C:\Users\HUST\Desktop\软件工程训练营\软件工程训练营2022\3 代码质量与高级代码质量\SEC2022\AutoHelper\Help\Working\Output\HtmlHelp1\styles\branding-HelpViewer.css
C:\Program Files (x86)\EWSoftware\Sandcastle Help File Builder\PresentationStyles\VS2013\styles\branding-it-IT.css -&gt; C:\Users\HUST\Desktop\软件工程训练营\软件工程训练营2022\3 代码质量与高级代码质量\SEC2022\AutoHelper\Help\Working\Output\HtmlHelp1\styles\branding-it-IT.css
C:\Program Files (x86)\EWSoftware\Sandcastle Help File Builder\PresentationStyles\VS2013\styles\branding-ja-JP.css -&gt; C:\Users\HUST\Desktop\软件工程训练营\软件工程训练营2022\3 代码质量与高级代码质量\SEC2022\AutoHelper\Help\Working\Output\HtmlHelp1\styles\branding-ja-JP.css
C:\Program Files (x86)\EWSoftware\Sandcastle Help File Builder\PresentationStyles\VS2013\styles\branding-ko-KR.css -&gt; C:\Users\HUST\Desktop\软件工程训练营\软件工程训练营2022\3 代码质量与高级代码质量\SEC2022\AutoHelper\Help\Working\Output\HtmlHelp1\styles\branding-ko-KR.css
C:\Program Files (x86)\EWSoftware\Sandcastle Help File Builder\PresentationStyles\VS2013\styles\branding-pl-PL.css -&gt; C:\Users\HUST\Desktop\软件工程训练营\软件工程训练营2022\3 代码质量与高级代码质量\SEC2022\AutoHelper\Help\Working\Output\HtmlHelp1\styles\branding-pl-PL.css
C:\Program Files (x86)\EWSoftware\Sandcastle Help File Builder\PresentationStyles\VS2013\styles\branding-pt-BR.css -&gt; C:\Users\HUST\Desktop\软件工程训练营\软件工程训练营2022\3 代码质量与高级代码质量\SEC2022\AutoHelper\Help\Working\Output\HtmlHelp1\styles\branding-pt-BR.css
C:\Program Files (x86)\EWSoftware\Sandcastle Help File Builder\PresentationStyles\VS2013\styles\branding-ru-RU.css -&gt; C:\Users\HUST\Desktop\软件工程训练营\软件工程训练营2022\3 代码质量与高级代码质量\SEC2022\AutoHelper\Help\Working\Output\HtmlHelp1\styles\branding-ru-RU.css
C:\Program Files (x86)\EWSoftware\Sandcastle Help File Builder\PresentationStyles\VS2013\styles\branding-tr-TR.css -&gt; C:\Users\HUST\Desktop\软件工程训练营\软件工程训练营2022\3 代码质量与高级代码质量\SEC2022\AutoHelper\Help\Working\Output\HtmlHelp1\styles\branding-tr-TR.css
C:\Program Files (x86)\EWSoftware\Sandcastle Help File Builder\PresentationStyles\VS2013\styles\branding-Website.css -&gt; C:\Users\HUST\Desktop\软件工程训练营\软件工程训练营2022\3 代码质量与高级代码质量\SEC2022\AutoHelper\Help\Working\Output\HtmlHelp1\styles\branding-Website.css
C:\Program Files (x86)\EWSoftware\Sandcastle Help File Builder\PresentationStyles\VS2013\styles\branding-zh-CN.css -&gt; C:\Users\HUST\Desktop\软件工程训练营\软件工程训练营2022\3 代码质量与高级代码质量\SEC2022\AutoHelper\Help\Working\Output\HtmlHelp1\styles\branding-zh-CN.css
C:\Program Files (x86)\EWSoftware\Sandcastle Help File Builder\PresentationStyles\VS2013\styles\branding-zh-TW.css -&gt; C:\Users\HUST\Desktop\软件工程训练营\软件工程训练营2022\3 代码质量与高级代码质量\SEC2022\AutoHelper\Help\Working\Output\HtmlHelp1\styles\branding-zh-TW.css
C:\Program Files (x86)\EWSoftware\Sandcastle Help File Builder\PresentationStyles\VS2013\styles\branding.css -&gt; C:\Users\HUST\Desktop\软件工程训练营\软件工程训练营2022\3 代码质量与高级代码质量\SEC2022\AutoHelper\Help\Working\Output\HtmlHelp1\styles\branding.css
C:\Program Files (x86)\EWSoftware\Sandcastle Help File Builder\PresentationStyles\VS2013\icons\AlertCaution.png -&gt; C:\Users\HUST\Desktop\软件工程训练营\软件工程训练营2022\3 代码质量与高级代码质量\SEC2022\AutoHelper\Help\Working\Output\MSHelpViewer\icons\AlertCaution.png
C:\Program Files (x86)\EWSoftware\Sandcastle Help File Builder\PresentationStyles\VS2013\icons\AlertNote.png -&gt; C:\Users\HUST\Desktop\软件工程训练营\软件工程训练营2022\3 代码质量与高级代码质量\SEC2022\AutoHelper\Help\Working\Output\MSHelpViewer\icons\AlertNote.png
C:\Program Files (x86)\EWSoftware\Sandcastle Help File Builder\PresentationStyles\VS2013\icons\AlertSecurity.png -&gt; C:\Users\HUST\Desktop\软件工程训练营\软件工程训练营2022\3 代码质量与高级代码质量\SEC2022\AutoHelper\Help\Working\Output\MSHelpViewer\icons\AlertSecurity.png
C:\Program Files (x86)\EWSoftware\Sandcastle Help File Builder\PresentationStyles\VS2013\icons\CFW.gif -&gt; C:\Users\HUST\Desktop\软件工程训练营\软件工程训练营2022\3 代码质量与高级代码质量\SEC2022\AutoHelper\Help\Working\Output\MSHelpViewer\icons\CFW.gif
C:\Program Files (x86)\EWSoftware\Sandcastle Help File Builder\PresentationStyles\VS2013\icons\CodeExample.png -&gt; C:\Users\HUST\Desktop\软件工程训练营\软件工程训练营2022\3 代码质量与高级代码质量\SEC2022\AutoHelper\Help\Working\Output\MSHelpViewer\icons\CodeExample.png
C:\Program Files (x86)\EWSoftware\Sandcastle Help File Builder\PresentationStyles\VS2013\icons\favicon.ico -&gt; C:\Users\HUST\Desktop\软件工程训练营\软件工程训练营2022\3 代码质量与高级代码质量\SEC2022\AutoHelper\Help\Working\Output\MSHelpViewer\icons\favicon.ico
C:\Program Files (x86)\EWSoftware\Sandcastle Help File Builder\PresentationStyles\VS2013\icons\privclass.gif -&gt; C:\Users\HUST\Desktop\软件工程训练营\软件工程训练营2022\3 代码质量与高级代码质量\SEC2022\AutoHelper\Help\Working\Output\MSHelpViewer\icons\privclass.gif
C:\Program Files (x86)\EWSoftware\Sandcastle Help File Builder\PresentationStyles\VS2013\icons\privdelegate.gif -&gt; C:\Users\HUST\Desktop\软件工程训练营\软件工程训练营2022\3 代码质量与高级代码质量\SEC2022\AutoHelper\Help\Working\Output\MSHelpViewer\icons\privdelegate.gif
C:\Program Files (x86)\EWSoftware\Sandcastle Help File Builder\PresentationStyles\VS2013\icons\privenumeration.gif -&gt; C:\Users\HUST\Desktop\软件工程训练营\软件工程训练营2022\3 代码质量与高级代码质量\SEC2022\AutoHelper\Help\Working\Output\MSHelpViewer\icons\privenumeration.gif
C:\Program Files (x86)\EWSoftware\Sandcastle Help File Builder\PresentationStyles\VS2013\icons\privevent.gif -&gt; C:\Users\HUST\Desktop\软件工程训练营\软件工程训练营2022\3 代码质量与高级代码质量\SEC2022\AutoHelper\Help\Working\Output\MSHelpViewer\icons\privevent.gif
C:\Program Files (x86)\EWSoftware\Sandcastle Help File Builder\PresentationStyles\VS2013\icons\privextension.gif -&gt; C:\Users\HUST\Desktop\软件工程训练营\软件工程训练营2022\3 代码质量与高级代码质量\SEC2022\AutoHelper\Help\Working\Output\MSHelpViewer\icons\privextension.gif
C:\Program Files (x86)\EWSoftware\Sandcastle Help File Builder\PresentationStyles\VS2013\icons\privfield.gif -&gt; C:\Users\HUST\Desktop\软件工程训练营\软件工程训练营2022\3 代码质量与高级代码质量\SEC2022\AutoHelper\Help\Working\Output\MSHelpViewer\icons\privfield.gif
C:\Program Files (x86)\EWSoftware\Sandcastle Help File Builder\PresentationStyles\VS2013\icons\privinterface.gif -&gt; C:\Users\HUST\Desktop\软件工程训练营\软件工程训练营2022\3 代码质量与高级代码质量\SEC2022\AutoHelper\Help\Working\Output\MSHelpViewer\icons\privinterface.gif
C:\Program Files (x86)\EWSoftware\Sandcastle Help File Builder\PresentationStyles\VS2013\icons\privmethod.gif -&gt; C:\Users\HUST\Desktop\软件工程训练营\软件工程训练营2022\3 代码质量与高级代码质量\SEC2022\AutoHelper\Help\Working\Output\MSHelpViewer\icons\privmethod.gif
C:\Program Files (x86)\EWSoftware\Sandcastle Help File Builder\PresentationStyles\VS2013\icons\privproperty.gif -&gt; C:\Users\HUST\Desktop\软件工程训练营\软件工程训练营2022\3 代码质量与高级代码质量\SEC2022\AutoHelper\Help\Working\Output\MSHelpViewer\icons\privproperty.gif
C:\Program Files (x86)\EWSoftware\Sandcastle Help File Builder\PresentationStyles\VS2013\icons\privstructure.gif -&gt; C:\Users\HUST\Desktop\软件工程训练营\软件工程训练营2022\3 代码质量与高级代码质量\SEC2022\AutoHelper\Help\Working\Output\MSHelpViewer\icons\privstructure.gif
C:\Program Files (x86)\EWSoftware\Sandcastle Help File Builder\PresentationStyles\VS2013\icons\protclass.gif -&gt; C:\Users\HUST\Desktop\软件工程训练营\软件工程训练营2022\3 代码质量与高级代码质量\SEC2022\AutoHelper\Help\Working\Output\MSHelpViewer\icons\protclass.gif
C:\Program Files (x86)\EWSoftware\Sandcastle Help File Builder\PresentationStyles\VS2013\icons\protdelegate.gif -&gt; C:\Users\HUST\Desktop\软件工程训练营\软件工程训练营2022\3 代码质量与高级代码质量\SEC2022\AutoHelper\Help\Working\Output\MSHelpViewer\icons\protdelegate.gif
C:\Program Files (x86)\EWSoftware\Sandcastle Help File Builder\PresentationStyles\VS2013\icons\protenumeration.gif -&gt; C:\Users\HUST\Desktop\软件工程训练营\软件工程训练营2022\3 代码质量与高级代码质量\SEC2022\AutoHelper\Help\Working\Output\MSHelpViewer\icons\protenumeration.gif
C:\Program Files (x86)\EWSoftware\Sandcastle Help File Builder\PresentationStyles\VS2013\icons\protevent.gif -&gt; C:\Users\HUST\Desktop\软件工程训练营\软件工程训练营2022\3 代码质量与高级代码质量\SEC2022\AutoHelper\Help\Working\Output\MSHelpViewer\icons\protevent.gif
C:\Program Files (x86)\EWSoftware\Sandcastle Help File Builder\PresentationStyles\VS2013\icons\protextension.gif -&gt; C:\Users\HUST\Desktop\软件工程训练营\软件工程训练营2022\3 代码质量与高级代码质量\SEC2022\AutoHelper\Help\Working\Output\MSHelpViewer\icons\protextension.gif
C:\Program Files (x86)\EWSoftware\Sandcastle Help File Builder\PresentationStyles\VS2013\icons\protfield.gif -&gt; C:\Users\HUST\Desktop\软件工程训练营\软件工程训练营2022\3 代码质量与高级代码质量\SEC2022\AutoHelper\Help\Working\Output\MSHelpViewer\icons\protfield.gif
C:\Program Files (x86)\EWSoftware\Sandcastle Help File Builder\PresentationStyles\VS2013\icons\protinterface.gif -&gt; C:\Users\HUST\Desktop\软件工程训练营\软件工程训练营2022\3 代码质量与高级代码质量\SEC2022\AutoHelper\Help\Working\Output\MSHelpViewer\icons\protinterface.gif
C:\Program Files (x86)\EWSoftware\Sandcastle Help File Builder\PresentationStyles\VS2013\icons\protmethod.gif -&gt; C:\Users\HUST\Desktop\软件工程训练营\软件工程训练营2022\3 代码质量与高级代码质量\SEC2022\AutoHelper\Help\Working\Output\MSHelpViewer\icons\protmethod.gif
C:\Program Files (x86)\EWSoftware\Sandcastle Help File Builder\PresentationStyles\VS2013\icons\protoperator.gif -&gt; C:\Users\HUST\Desktop\软件工程训练营\软件工程训练营2022\3 代码质量与高级代码质量\SEC2022\AutoHelper\Help\Working\Output\MSHelpViewer\icons\protoperator.gif
C:\Program Files (x86)\EWSoftware\Sandcastle Help File Builder\PresentationStyles\VS2013\icons\protproperty.gif -&gt; C:\Users\HUST\Desktop\软件工程训练营\软件工程训练营2022\3 代码质量与高级代码质量\SEC2022\AutoHelper\Help\Working\Output\MSHelpViewer\icons\protproperty.gif
C:\Program Files (x86)\EWSoftware\Sandcastle Help File Builder\PresentationStyles\VS2013\icons\protstructure.gif -&gt; C:\Users\HUST\Desktop\软件工程训练营\软件工程训练营2022\3 代码质量与高级代码质量\SEC2022\AutoHelper\Help\Working\Output\MSHelpViewer\icons\protstructure.gif
C:\Program Files (x86)\EWSoftware\Sandcastle Help File Builder\PresentationStyles\VS2013\icons\pubclass.gif -&gt; C:\Users\HUST\Desktop\软件工程训练营\软件工程训练营2022\3 代码质量与高级代码质量\SEC2022\AutoHelper\Help\Working\Output\MSHelpViewer\icons\pubclass.gif
C:\Program Files (x86)\EWSoftware\Sandcastle Help File Builder\PresentationStyles\VS2013\icons\pubdelegate.gif -&gt; C:\Users\HUST\Desktop\软件工程训练营\软件工程训练营2022\3 代码质量与高级代码质量\SEC2022\AutoHelper\Help\Working\Output\MSHelpViewer\icons\pubdelegate.gif
C:\Program Files (x86)\EWSoftware\Sandcastle Help File Builder\PresentationStyles\VS2013\icons\pubenumeration.gif -&gt; C:\Users\HUST\Desktop\软件工程训练营\软件工程训练营2022\3 代码质量与高级代码质量\SEC2022\AutoHelper\Help\Working\Output\MSHelpViewer\icons\pubenumeration.gif
C:\Program Files (x86)\EWSoftware\Sandcastle Help File Builder\PresentationStyles\VS2013\icons\pubevent.gif -&gt; C:\Users\HUST\Desktop\软件工程训练营\软件工程训练营2022\3 代码质量与高级代码质量\SEC2022\AutoHelper\Help\Working\Output\MSHelpViewer\icons\pubevent.gif
C:\Program Files (x86)\EWSoftware\Sandcastle Help File Builder\PresentationStyles\VS2013\icons\pubextension.gif -&gt; C:\Users\HUST\Desktop\软件工程训练营\软件工程训练营2022\3 代码质量与高级代码质量\SEC2022\AutoHelper\Help\Working\Output\MSHelpViewer\icons\pubextension.gif
C:\Program Files (x86)\EWSoftware\Sandcastle Help File Builder\PresentationStyles\VS2013\icons\pubfield.gif -&gt; C:\Users\HUST\Desktop\软件工程训练营\软件工程训练营2022\3 代码质量与高级代码质量\SEC2022\AutoHelper\Help\Working\Output\MSHelpViewer\icons\pubfield.gif
C:\Program Files (x86)\EWSoftware\Sandcastle Help File Builder\PresentationStyles\VS2013\icons\pubinterface.gif -&gt; C:\Users\HUST\Desktop\软件工程训练营\软件工程训练营2022\3 代码质量与高级代码质量\SEC2022\AutoHelper\Help\Working\Output\MSHelpViewer\icons\pubinterface.gif
C:\Program Files (x86)\EWSoftware\Sandcastle Help File Builder\PresentationStyles\VS2013\icons\pubmethod.gif -&gt; C:\Users\HUST\Desktop\软件工程训练营\软件工程训练营2022\3 代码质量与高级代码质量\SEC2022\AutoHelper\Help\Working\Output\MSHelpViewer\icons\pubmethod.gif
C:\Program Files (x86)\EWSoftware\Sandcastle Help File Builder\PresentationStyles\VS2013\icons\puboperator.gif -&gt; C:\Users\HUST\Desktop\软件工程训练营\软件工程训练营2022\3 代码质量与高级代码质量\SEC2022\AutoHelper\Help\Working\Output\MSHelpViewer\icons\puboperator.gif
C:\Program Files (x86)\EWSoftware\Sandcastle Help File Builder\PresentationStyles\VS2013\icons\pubproperty.gif -&gt; C:\Users\HUST\Desktop\软件工程训练营\软件工程训练营2022\3 代码质量与高级代码质量\SEC2022\AutoHelper\Help\Working\Output\MSHelpViewer\icons\pubproperty.gif
C:\Program Files (x86)\EWSoftware\Sandcastle Help File Builder\PresentationStyles\VS2013\icons\pubstructure.gif -&gt; C:\Users\HUST\Desktop\软件工程训练营\软件工程训练营2022\3 代码质量与高级代码质量\SEC2022\AutoHelper\Help\Working\Output\MSHelpViewer\icons\pubstructure.gif
C:\Program Files (x86)\EWSoftware\Sandcastle Help File Builder\PresentationStyles\VS2013\icons\SectionCollapsed.png -&gt; C:\Users\HUST\Desktop\软件工程训练营\软件工程训练营2022\3 代码质量与高级代码质量\SEC2022\AutoHelper\Help\Working\Output\MSHelpViewer\icons\SectionCollapsed.png
C:\Program Files (x86)\EWSoftware\Sandcastle Help File Builder\PresentationStyles\VS2013\icons\SectionExpanded.png -&gt; C:\Users\HUST\Desktop\软件工程训练营\软件工程训练营2022\3 代码质量与高级代码质量\SEC2022\AutoHelper\Help\Working\Output\MSHelpViewer\icons\SectionExpanded.png
C:\Program Files (x86)\EWSoftware\Sandcastle Help File Builder\PresentationStyles\VS2013\icons\slMobile.gif -&gt; C:\Users\HUST\Desktop\软件工程训练营\软件工程训练营2022\3 代码质量与高级代码质量\SEC2022\AutoHelper\Help\Working\Output\MSHelpViewer\icons\slMobile.gif
C:\Program Files (x86)\EWSoftware\Sandcastle Help File Builder\PresentationStyles\VS2013\icons\static.gif -&gt; C:\Users\HUST\Desktop\软件工程训练营\软件工程训练营2022\3 代码质量与高级代码质量\SEC2022\AutoHelper\Help\Working\Output\MSHelpViewer\icons\static.gif
C:\Program Files (x86)\EWSoftware\Sandcastle Help File Builder\PresentationStyles\VS2013\icons\xna.gif -&gt; C:\Users\HUST\Desktop\软件工程训练营\软件工程训练营2022\3 代码质量与高级代码质量\SEC2022\AutoHelper\Help\Working\Output\MSHelpViewer\icons\xna.gif
C:\Program Files (x86)\EWSoftware\Sandcastle Help File Builder\PresentationStyles\VS2013\scripts\branding.js -&gt; C:\Users\HUST\Desktop\软件工程训练营\软件工程训练营2022\3 代码质量与高级代码质量\SEC2022\AutoHelper\Help\Working\Output\MSHelpViewer\scripts\branding.js
C:\Program Files (x86)\EWSoftware\Sandcastle Help File Builder\PresentationStyles\VS2013\styles\branding-cs-CZ.css -&gt; C:\Users\HUST\Desktop\软件工程训练营\软件工程训练营2022\3 代码质量与高级代码质量\SEC2022\AutoHelper\Help\Working\Output\MSHelpViewer\styles\branding-cs-CZ.css
C:\Program Files (x86)\EWSoftware\Sandcastle Help File Builder\PresentationStyles\VS2013\styles\branding-de-DE.css -&gt; C:\Users\HUST\Desktop\软件工程训练营\软件工程训练营2022\3 代码质量与高级代码质量\SEC2022\AutoHelper\Help\Working\Output\MSHelpViewer\styles\branding-de-DE.css
C:\Program Files (x86)\EWSoftware\Sandcastle Help File Builder\PresentationStyles\VS2013\styles\branding-en-US.css -&gt; C:\Users\HUST\Desktop\软件工程训练营\软件工程训练营2022\3 代码质量与高级代码质量\SEC2022\AutoHelper\Help\Working\Output\MSHelpViewer\styles\branding-en-US.css
C:\Program Files (x86)\EWSoftware\Sandcastle Help File Builder\PresentationStyles\VS2013\styles\branding-es-ES.css -&gt; C:\Users\HUST\Desktop\软件工程训练营\软件工程训练营2022\3 代码质量与高级代码质量\SEC2022\AutoHelper\Help\Working\Output\MSHelpViewer\styles\branding-es-ES.css
C:\Program Files (x86)\EWSoftware\Sandcastle Help File Builder\PresentationStyles\VS2013\styles\branding-fr-FR.css -&gt; C:\Users\HUST\Desktop\软件工程训练营\软件工程训练营2022\3 代码质量与高级代码质量\SEC2022\AutoHelper\Help\Working\Output\MSHelpViewer\styles\branding-fr-FR.css
C:\Program Files (x86)\EWSoftware\Sandcastle Help File Builder\PresentationStyles\VS2013\styles\branding-Help1.css -&gt; C:\Users\HUST\Desktop\软件工程训练营\软件工程训练营2022\3 代码质量与高级代码质量\SEC2022\AutoHelper\Help\Working\Output\MSHelpViewer\styles\branding-Help1.css
C:\Program Files (x86)\EWSoftware\Sandcastle Help File Builder\PresentationStyles\VS2013\styles\branding-HelpViewer.css -&gt; C:\Users\HUST\Desktop\软件工程训练营\软件工程训练营2022\3 代码质量与高级代码质量\SEC2022\AutoHelper\Help\Working\Output\MSHelpViewer\styles\branding-HelpViewer.css
C:\Program Files (x86)\EWSoftware\Sandcastle Help File Builder\PresentationStyles\VS2013\styles\branding-it-IT.css -&gt; C:\Users\HUST\Desktop\软件工程训练营\软件工程训练营2022\3 代码质量与高级代码质量\SEC2022\AutoHelper\Help\Working\Output\MSHelpViewer\styles\branding-it-IT.css
C:\Program Files (x86)\EWSoftware\Sandcastle Help File Builder\PresentationStyles\VS2013\styles\branding-ja-JP.css -&gt; C:\Users\HUST\Desktop\软件工程训练营\软件工程训练营2022\3 代码质量与高级代码质量\SEC2022\AutoHelper\Help\Working\Output\MSHelpViewer\styles\branding-ja-JP.css
C:\Program Files (x86)\EWSoftware\Sandcastle Help File Builder\PresentationStyles\VS2013\styles\branding-ko-KR.css -&gt; C:\Users\HUST\Desktop\软件工程训练营\软件工程训练营2022\3 代码质量与高级代码质量\SEC2022\AutoHelper\Help\Working\Output\MSHelpViewer\styles\branding-ko-KR.css
C:\Program Files (x86)\EWSoftware\Sandcastle Help File Builder\PresentationStyles\VS2013\styles\branding-pl-PL.css -&gt; C:\Users\HUST\Desktop\软件工程训练营\软件工程训练营2022\3 代码质量与高级代码质量\SEC2022\AutoHelper\Help\Working\Output\MSHelpViewer\styles\branding-pl-PL.css
C:\Program Files (x86)\EWSoftware\Sandcastle Help File Builder\PresentationStyles\VS2013\styles\branding-pt-BR.css -&gt; C:\Users\HUST\Desktop\软件工程训练营\软件工程训练营2022\3 代码质量与高级代码质量\SEC2022\AutoHelper\Help\Working\Output\MSHelpViewer\styles\branding-pt-BR.css
C:\Program Files (x86)\EWSoftware\Sandcastle Help File Builder\PresentationStyles\VS2013\styles\branding-ru-RU.css -&gt; C:\Users\HUST\Desktop\软件工程训练营\软件工程训练营2022\3 代码质量与高级代码质量\SEC2022\AutoHelper\Help\Working\Output\MSHelpViewer\styles\branding-ru-RU.css
C:\Program Files (x86)\EWSoftware\Sandcastle Help File Builder\PresentationStyles\VS2013\styles\branding-tr-TR.css -&gt; C:\Users\HUST\Desktop\软件工程训练营\软件工程训练营2022\3 代码质量与高级代码质量\SEC2022\AutoHelper\Help\Working\Output\MSHelpViewer\styles\branding-tr-TR.css
C:\Program Files (x86)\EWSoftware\Sandcastle Help File Builder\PresentationStyles\VS2013\styles\branding-Website.css -&gt; C:\Users\HUST\Desktop\软件工程训练营\软件工程训练营2022\3 代码质量与高级代码质量\SEC2022\AutoHelper\Help\Working\Output\MSHelpViewer\styles\branding-Website.css
C:\Program Files (x86)\EWSoftware\Sandcastle Help File Builder\PresentationStyles\VS2013\styles\branding-zh-CN.css -&gt; C:\Users\HUST\Desktop\软件工程训练营\软件工程训练营2022\3 代码质量与高级代码质量\SEC2022\AutoHelper\Help\Working\Output\MSHelpViewer\styles\branding-zh-CN.css
C:\Program Files (x86)\EWSoftware\Sandcastle Help File Builder\PresentationStyles\VS2013\styles\branding-zh-TW.css -&gt; C:\Users\HUST\Desktop\软件工程训练营\软件工程训练营2022\3 代码质量与高级代码质量\SEC2022\AutoHelper\Help\Working\Output\MSHelpViewer\styles\branding-zh-TW.css
C:\Program Files (x86)\EWSoftware\Sandcastle Help File Builder\PresentationStyles\VS2013\styles\branding.css -&gt; C:\Users\HUST\Desktop\软件工程训练营\软件工程训练营2022\3 代码质量与高级代码质量\SEC2022\AutoHelper\Help\Working\Output\MSHelpViewer\styles\branding.css
    Last step completed in 00:00:00.4673
</buildStep>
<buildStep step="GenerateHelpFormatTableOfContents">
Generating HTML Help 1 table of contents file...
    Last step completed in 00:00:00.0000
</buildStep>
<buildStep step="GenerateHelpFileIndex">
Generating HTML Help 1 index file...
    Last step completed in 00:00:00.0000
</buildStep>
<buildStep step="GenerateHelpProject">
Generating HTML Help 1 project file...
    Last step completed in 00:00:00.0040
</buildStep>
<buildStep step="CompilingHelpFile">
Compiling HTML Help 1 file...
[C:\Program Files (x86)\Microsoft Visual Studio\2019\Community\MSBuild\Current\Bin\MSBuild.exe - Build1xHelpFile.proj]
  Microsoft HTML Help Compiler 4.74.8702
  
  
  
  Compiling c:\Users\HUST\Desktop\软件工程训练营\软件工程训练营2022\3 代码质量与高级代码质量\SEC2022\AutoHelper\Help\Working\Output\HtmlHelp1\MathClass.chm
  
  
  
  
  
  Compile time: 0 minutes, 0 seconds
  
  19	Topics
  
  146	Local links
  
  0	Internet links
  
  0	Graphics
  
  
  
  
  
  Created c:\Users\HUST\Desktop\软件工程训练营\软件工程训练营2022\3 代码质量与高级代码质量\SEC2022\AutoHelper\Help\Working\Output\HtmlHelp1\MathClass.chm, 65,394 bytes
  
  Compression decreased file by 138,439 bytes.
  
    Last step completed in 00:00:01.4865
</buildStep>
<buildStep step="GenerateHelpFormatTableOfContents">
Executing informational Generate Table of Contents build step for plug-ins (not used for MS Help Viewer)
    Last step completed in 00:00:00.0000
</buildStep>
<buildStep step="GenerateHelpProject">
Executing informational Generate Help Project build step for plug-ins (not used for MS Help Viewer)
    Last step completed in 00:00:00.0000
</buildStep>
<buildStep step="CompilingHelpFile">
Generating MS Help Viewer file...
[C:\Program Files (x86)\Microsoft Visual Studio\2019\Community\MSBuild\Current\Bin\MSBuild.exe - BuildHelpViewerFile.proj]
  Compressing help content files...
  Compression finished.  88 items added
  Saving C:\Users\HUST\Desktop\软件工程训练营\软件工程训练营2022\3 代码质量与高级代码质量\SEC2022\AutoHelper\Help\MathClass.mshc...
  Finished saving C:\Users\HUST\Desktop\软件工程训练营\软件工程训练营2022\3 代码质量与高级代码质量\SEC2022\AutoHelper\Help\MathClass.mshc
  Compressed 5 folders, 83 files.  Reduced size by 128,574 bytes (62%).
    Last step completed in 00:00:00.4852
</buildStep>
<buildStep step="CleanIntermediates">
Removing intermediate files...
    Last step completed in 00:00:00.0559
</buildStep>
<buildStep step="Completed">

Build completed successfully at 2022/8/19 9:34:57.  Total time: 00:00:09.7941

</buildStep>
</shfbBuild>
